;  LST file generated by mikroListExporter - v.2.0 
; Date/Time: 15-Dec-24 10:07:59 PM
;----------------------------------------------

;Address Opcode 	ASM
0x0000	0x2812      	GOTO       18
_interrupt:
0x0004	0x00FF      	MOVWF      R15
0x0005	0x0E03      	SWAPF      STATUS, 0
0x0006	0x0183      	CLRF       STATUS
0x0007	0x00A3      	MOVWF      ___saveSTATUS
0x0008	0x080A      	MOVF       PCLATH, 0
0x0009	0x00A2      	MOVWF      ___savePCLATH
0x000A	0x018A      	CLRF       PCLATH
;LibEM.c,66 :: 		void interrupt(void)
;LibEM.c,69 :: 		}
L_end_interrupt:
L__interrupt1:
0x000B	0x0822      	MOVF       ___savePCLATH, 0
0x000C	0x008A      	MOVWF      PCLATH
0x000D	0x0E23      	SWAPF      ___saveSTATUS, 0
0x000E	0x0083      	MOVWF      STATUS
0x000F	0x0EFF      	SWAPF      R15, 1
0x0010	0x0E7F      	SWAPF      R15, 0
0x0011	0x0009      	RETFIE
; end of _interrupt
_main:
;LibEM.c,71 :: 		void main()
;LibEM.c,73 :: 		SET_BIT1_INPUT(PORTA);
0x0012	0x1283      	BCF        STATUS, 5
0x0013	0x1303      	BCF        STATUS, 6
0x0014	0x1485      	BSF        PORTA, 1
;LibEM.c,74 :: 		SET_BIT0_OUTPUT(PORTA);
0x0015	0x1005      	BCF        PORTA, 0
;LibEM.c,78 :: 		}
L_end_main:
0x0016	0x2816      	GOTO       $+0
; end of _main
Symbol List:
//** Routines locations **
//ADDRESS    SIZE    PROCEDURE
//----------------------------------------------
0x0004      [14]    _interrupt
0x0012       [5]    _main
//** Variables locations ** 
//ADDRESS    SIZE    VARIABLE
//----------------------------------------------
0x0000       [1]    INDF
0x0003       [1]    STATUS
0x0004       [1]    FSR
0x0005       [1]    PORTA
0x000A       [1]    PCLATH
0x0020       [2]    ___DoICPAddr
0x0022       [1]    ___savePCLATH
0x0023       [1]    ___saveSTATUS
0x0070       [1]    R0
0x0071       [1]    R1
0x0072       [1]    R2
0x0073       [1]    R3
0x0074       [1]    R4
0x0075       [1]    R5
0x0076       [1]    R6
0x0077       [1]    R7
0x0078       [1]    R8
0x0079       [1]    R9
0x007A       [1]    R10
0x007B       [1]    R11
0x007C       [1]    R12
0x007D       [1]    R13
0x007E       [1]    R14
0x007F       [1]    R15
